<?xml version="1.0" encoding="UTF-8"?>
<!-- Generated by org.testng.reporters.JUnitReportReporter -->
<testsuite hostname="TYSS-Shobha" failures="0" tests="1" name="Campagins.CreateCampaignsTest" time="19.542" errors="0" timestamp="2024-11-05T07:44:25 IST" skipped="0">
  <testcase classname="Campagins.CreateCampaignsTest" name="createCampaignsTest" time="19.542"/>
</testsuite> <!-- Campagins.CreateCampaignsTest -->
