<?xml version="1.0" encoding="UTF-8"?>
<!-- Generated by org.testng.reporters.JUnitReportReporter -->
<testsuite hostname="TYSS-Shobha" failures="0" tests="1" name="Campagins.CreateCampWithProductTest" time="34.612" errors="0" timestamp="2024-11-05T07:44:25 IST" skipped="0">
  <testcase classname="Campagins.CreateCampWithProductTest" name="createCampWithProductTest" time="34.612"/>
</testsuite> <!-- Campagins.CreateCampWithProductTest -->
